<?xml version="1.0" encoding="UTF-8"?>
<!-- Generated by org.testng.reporters.JUnitReportReporter -->
<testsuite skipped="0" hostname="DESKTOP-H8RTC1S" name="TestCases1.HotelsPageTest" tests="1" failures="0" timestamp="2019-09-26T13:12:28 IST" time="83.106" errors="0">
  <testcase name="searchhotels" time="83.106" classname="TestCases1.HotelsPageTest"/>
</testsuite> <!-- TestCases1.HotelsPageTest -->
