<?xml version="1.0" encoding="UTF-8"?>
<!-- Generated by org.testng.reporters.JUnitReportReporter -->
<testsuite skipped="0" hostname="DESKTOP-H8RTC1S" name="TestCases1.Tours1PageTest" tests="1" failures="0" timestamp="2019-09-26T14:25:02 IST" time="56.167" errors="0">
  <testcase name="Tours1" time="56.167" classname="TestCases1.Tours1PageTest"/>
</testsuite> <!-- TestCases1.Tours1PageTest -->
