<?xml version="1.0" encoding="UTF-8"?>
<!-- Generated by org.testng.reporters.JUnitReportReporter -->
<testsuite skipped="0" hostname="DESKTOP-H8RTC1S" name="TestCases1.FlightsPageTest" tests="1" failures="0" timestamp="2019-09-26T14:12:50 IST" time="68.479" errors="0">
  <testcase name="HotelsPage" time="68.479" classname="TestCases1.FlightsPageTest"/>
</testsuite> <!-- TestCases1.FlightsPageTest -->
