<?xml version="1.0" encoding="UTF-8"?>
<!-- Generated by org.testng.reporters.JUnitReportReporter -->
<testsuite skipped="0" hostname="DESKTOP-H8RTC1S" name="TestCases1.Cars1PageTest" tests="1" failures="0" timestamp="2019-09-26T14:43:23 IST" time="33.412" errors="0">
  <testcase name="Cars1Page" time="33.412" classname="TestCases1.Cars1PageTest"/>
</testsuite> <!-- TestCases1.Cars1PageTest -->
