<?xml version="1.0" encoding="UTF-8"?>
<!-- Generated by org.testng.reporters.JUnitReportReporter -->
<testsuite skipped="0" hostname="DESKTOP-H8RTC1S" name="TestCases.CarTest" tests="1" failures="0" timestamp="2019-09-26T11:04:02 IST" time="63.885" errors="0">
  <testcase name="Cars" time="63.885" classname="TestCases.CarTest"/>
</testsuite> <!-- TestCases.CarTest -->
