<?xml version="1.0" encoding="UTF-8"?>
<!-- Generated by org.testng.reporters.JUnitReportReporter -->
<testsuite skipped="0" hostname="DESKTOP-H8RTC1S" name="TestCases.ToursPageTest" tests="1" failures="0" timestamp="2019-09-26T11:04:02 IST" time="63.654" errors="0">
  <testcase name="ToursPage" time="63.654" classname="TestCases.ToursPageTest"/>
</testsuite> <!-- TestCases.ToursPageTest -->
